[2023-05-20 22:29:15+00:00] INFO: Installer API request received {"method":"GET","endpoint":"checkPhpExtensions"} 
[2023-05-20 22:29:15+00:00] NOTICE: Checking PHP "curl" extension  
[2023-05-20 22:29:15+00:00] NOTICE: Checking PHP "json" extension  
[2023-05-20 22:29:15+00:00] NOTICE: Checking PHP "pdo" extension  
[2023-05-20 22:29:15+00:00] NOTICE: Checking PHP "zip" extension  
[2023-05-20 22:29:15+00:00] NOTICE: Checking PHP "mbstring" extension  
[2023-05-20 22:29:15+00:00] NOTICE: Checking PHP "fileinfo" extension  
[2023-05-20 22:29:15+00:00] NOTICE: Checking PHP "openssl" extension  
[2023-05-20 22:29:15+00:00] NOTICE: Checking PHP "gd" extension  
[2023-05-20 22:29:15+00:00] NOTICE: Checking PHP "filter" extension  
[2023-05-20 22:29:15+00:00] NOTICE: Checking PHP "hash" extension  
[2023-05-20 22:29:15+00:00] NOTICE: Checking PHP "dom" extension  
[2023-05-20 22:29:15+00:00] NOTICE: Required PHP extensions are installed.  
[2023-05-20 22:29:15+00:00] INFO: Installer API request received {"method":"GET","endpoint":"checkApi"} 
[2023-05-20 22:29:15+00:00] NOTICE: Trying Winter CMS API  
[2023-05-20 22:29:15+00:00] INFO: Winter API request {"method":"GET","uri":"ping"} 
[2023-05-20 22:29:15+00:00] INFO: Installer API request received {"method":"GET","endpoint":"checkPhpVersion"} 
[2023-05-20 22:29:15+00:00] NOTICE: Compared PHP version {"installed":"8.1.10","needed":"8.0.2"} 
[2023-05-20 22:29:15+00:00] NOTICE: PHP version requirement met.  
[2023-05-20 22:29:16+00:00] NOTICE: Response received from Winter CMS API {"response":"pong"} 
[2023-05-20 22:29:16+00:00] NOTICE: Winter CMS API connection successful.  
[2023-05-20 22:34:37+00:00] INFO: Installer API request received {"method":"GET","endpoint":"checkWriteAccess"} 
[2023-05-20 22:34:37+00:00] NOTICE: Current working directory is writable.  
[2023-05-20 22:34:37+00:00] INFO: Installer API request received {"method":"POST","endpoint":"checkDatabase"} 
[2023-05-20 22:34:37+00:00] NOTICE: Check database connection  
[2023-05-20 22:34:37+00:00] ERROR: Database could not be connected to. {"code":500,"exception":"SQLSTATE[HY000] [1045] Access denied for user 'root'@'localhost' (using password: YES)"} 
[2023-05-20 22:34:52+00:00] INFO: Installer API request received {"method":"GET","endpoint":"checkWriteAccess"} 
[2023-05-20 22:34:52+00:00] NOTICE: Current working directory is writable.  
[2023-05-20 22:34:52+00:00] INFO: Installer API request received {"method":"POST","endpoint":"checkDatabase"} 
[2023-05-20 22:34:52+00:00] NOTICE: Check database connection  
[2023-05-20 22:34:52+00:00] ERROR: Database could not be connected to. {"code":500,"exception":"SQLSTATE[HY000] [1045] Access denied for user 'root'@'localhost' (using password: YES)"} 
[2023-05-20 22:47:38+00:00] INFO: Installer API request received {"method":"GET","endpoint":"checkWriteAccess"} 
[2023-05-20 22:47:38+00:00] NOTICE: Current working directory is writable.  
[2023-05-20 22:47:38+00:00] INFO: Installer API request received {"method":"POST","endpoint":"checkDatabase"} 
[2023-05-20 22:47:38+00:00] NOTICE: Check database connection  
[2023-05-20 22:47:38+00:00] NOTICE: Found 0 table(s) {"tables":""} 
[2023-05-20 22:47:38+00:00] NOTICE: Database connection established and verified empty  
[2023-05-20 22:47:42+00:00] INFO: Installer API request received {"method":"POST","endpoint":"downloadWinter"} 
[2023-05-20 22:47:42+00:00] NOTICE: Try downloading Winter CMS archive  
[2023-05-20 22:47:42+00:00] NOTICE: Downloading Winter ZIP via cURL {"url":"https://github.com/wintercms/winter/archive/refs/heads/1.2.zip"} 
[2023-05-20 22:47:44+00:00] NOTICE: Winter CMS ZIP file downloaded {"path":"C:\\laragon\\www\\wintercms1\\.wintercms\\winter.zip"} 
[2023-05-20 22:47:44+00:00] INFO: Installer API request received {"method":"POST","endpoint":"extractWinter"} 
[2023-05-20 22:47:44+00:00] NOTICE: Begin extracting Winter CMS archive  
[2023-05-20 22:48:35+00:00] NOTICE: Move subfoldered files into position {"subfolder":"winter-1.2/"} 
[2023-05-20 22:48:35+00:00] NOTICE: Remove ZIP subfolder {"subfolder":"winter-1.2/"} 
[2023-05-20 22:48:35+00:00] NOTICE: Make artisan command-line tool executable {"path":"C:\\laragon\\www\\wintercms1\\.wintercms\\artisan"} 
[2023-05-20 22:48:35+00:00] NOTICE: Remove Composer Merge plugin from composer.json if found  
[2023-05-20 22:48:35+00:00] NOTICE: Found merge plugin in required packages - removing  
[2023-05-20 22:48:35+00:00] NOTICE: Found merge plugin config in "extra" config definition - removing  
[2023-05-20 22:48:35+00:00] INFO: Installer API request received {"method":"POST","endpoint":"lockDependencies"} 
[2023-05-20 22:48:35+00:00] NOTICE: Create Composer instance  
[2023-05-20 22:48:35+00:00] NOTICE: Set memory limit to 1.5GB  
[2023-05-20 22:48:35+00:00] NOTICE: Set work directory for Composer {"path":"C:\\laragon\\www\\wintercms1\\.wintercms"} 
[2023-05-20 22:48:35+00:00] NOTICE: Create home/cache directory for Composer {"path":"C:\\laragon\\www\\wintercms1\\.wintercms\\.composer"} 
[2023-05-20 22:48:35+00:00] NOTICE: Set home/cache directory for Composer {"path":"C:\\laragon\\www\\wintercms1\\.wintercms\\.composer"} 
[2023-05-20 22:48:35+00:00] NOTICE: Run Composer "update" command - generate only a lockfile  
[2023-05-20 22:48:52+00:00] NOTICE: Locked Composer packages {"numPackages":117,"lockFile":"C:\\laragon\\www\\wintercms1\\.wintercms\\composer.lock"} 
[2023-05-20 22:48:52+00:00] INFO: Installer API request received {"method":"POST","endpoint":"installDependencies"} 
[2023-05-20 22:48:52+00:00] NOTICE: Create Composer instance  
[2023-05-20 22:48:52+00:00] NOTICE: Set memory limit to 1.5GB  
[2023-05-20 22:48:52+00:00] NOTICE: Set work directory for Composer {"path":"C:\\laragon\\www\\wintercms1\\.wintercms"} 
[2023-05-20 22:48:52+00:00] NOTICE: Set home/cache directory for Composer {"path":"C:\\laragon\\www\\wintercms1\\.wintercms\\.composer"} 
[2023-05-20 22:48:52+00:00] NOTICE: Run Composer "install" command - install from lockfile  
[2023-05-20 22:49:44+00:00] NOTICE: Installed Composer packages {"numPackages":117} 
[2023-05-20 22:49:44+00:00] INFO: Installer API request received {"method":"POST","endpoint":"setupConfig"} 
[2023-05-20 22:49:44+00:00] NOTICE: Booting Laravel framework  
[2023-05-20 22:49:44+00:00] NOTICE: Loading autoloader  
[2023-05-20 22:49:52+00:00] NOTICE: Bootstrapping kernel  
[2023-05-20 22:49:55+00:00] NOTICE: Rewriting config {"path":"C:\\laragon\\www\\wintercms1\\.wintercms\\config\\app.php"} 
[2023-05-20 22:49:56+00:00] NOTICE: Rewriting config {"path":"C:\\laragon\\www\\wintercms1\\.wintercms\\config\\cms.php"} 
[2023-05-20 22:49:56+00:00] NOTICE: Rewriting config {"path":"C:\\laragon\\www\\wintercms1\\.wintercms\\config\\database.php"} 
[2023-05-20 22:49:56+00:00] INFO: Installer API request received {"method":"POST","endpoint":"runMigrations"} 
[2023-05-20 22:49:56+00:00] NOTICE: Booting Laravel framework  
[2023-05-20 22:49:56+00:00] NOTICE: Loading autoloader  
[2023-05-20 22:49:56+00:00] NOTICE: Bootstrapping kernel  
[2023-05-20 22:49:56+00:00] NOTICE: Running artisan "config:clear" command  
[2023-05-20 22:49:58+00:00] NOTICE: Command finished. {"output":"\n   INFO  Configuration cache cleared successfully.  \n\r\n"} 
[2023-05-20 22:49:58+00:00] NOTICE: Running database migrations  
[2023-05-20 22:50:03+00:00] NOTICE: Command finished. {"output":"Migrating application and plugins...\r\n\r\n   INFO  Migration table created.  \n\r\n\r\nMigrating System module...\r\n\r\n   INFO  Running migrations.  \n\r\n  2013_10_01_000001_Db_Deferred_Bindings .................................................................. 127ms DONE\r\n  2013_10_01_000002_Db_System_Files ........................................................................ 42ms DONE\r\n  2013_10_01_000003_Db_System_Plugin_Versions .............................................................. 20ms DONE\r\n  2013_10_01_000004_Db_System_Plugin_History ............................................................... 27ms DONE\r\n  2013_10_01_000005_Db_System_Settings ..................................................................... 22ms DONE\r\n  2013_10_01_000006_Db_System_Parameters ................................................................... 19ms DONE\r\n  2013_10_01_000007_Db_System_Add_Disabled_Flag ............................................................. 7ms DONE\r\n  2013_10_01_000008_Db_System_Mail_Templates ............................................................... 21ms DONE\r\n  2013_10_01_000009_Db_System_Mail_Layouts ................................................................. 10ms DONE\r\n  2014_10_01_000010_Db_Jobs ................................................................................ 11ms DONE\r\n  2014_10_01_000011_Db_System_Event_Logs ................................................................... 19ms DONE\r\n  2014_10_01_000012_Db_System_Request_Logs ................................................................. 28ms DONE\r\n  2014_10_01_000013_Db_System_Sessions ..................................................................... 49ms DONE\r\n  2015_10_01_000014_Db_System_Mail_Layout_Rename ........................................................... 17ms DONE\r\n  2015_10_01_000015_Db_System_Add_Frozen_Flag .............................................................. 10ms DONE\r\n  2015_10_01_000016_Db_Cache ............................................................................... 36ms DONE\r\n  2015_10_01_000017_Db_System_Revisions .................................................................... 42ms DONE\r\n  2015_10_01_000018_Db_FailedJobs .......................................................................... 11ms DONE\r\n  2016_10_01_000019_Db_System_Plugin_History_Detail_Text ................................................ 1,039ms DONE\r\n  2016_10_01_000020_Db_System_Timestamp_Fix ............................................................... 127ms DONE\r\n  2017_08_04_121309_Db_Deferred_Bindings_Add_Index_Session ................................................. 20ms DONE\r\n  2017_10_01_000021_Db_System_Sessions_Update ............................................................... 6ms DONE\r\n  2017_10_01_000022_Db_Jobs_FailedJobs_Update .............................................................. 23ms DONE\r\n  2017_10_01_000023_Db_System_Mail_Partials ................................................................ 13ms DONE\r\n  2017_10_23_000024_Db_System_Mail_Layouts_Add_Options_Field ................................................ 7ms DONE\r\n  2021_10_01_000025_Db_Add_Pivot_Data_To_Deferred_Bindings .................................................. 9ms DONE\r\n  2022_08_06_000026_Db_System_Add_App_Birthday_Date ........................................................ 55ms DONE\r\n  2022_10_14_000027_Db_Jobs_FailedJobs_Update .............................................................. 83ms DONE\r\n\r\n\r\nMigrating Backend module...\r\n\r\n   INFO  Running migrations.  \n\r\n  2013_10_01_000001_Db_Backend_Users ....................................................................... 67ms DONE\r\n  2013_10_01_000002_Db_Backend_User_Groups ................................................................. 19ms DONE\r\n  2013_10_01_000003_Db_Backend_Users_Groups ................................................................ 26ms DONE\r\n  2013_10_01_000004_Db_Backend_User_Throttle ............................................................... 28ms DONE\r\n  2014_01_04_000005_Db_Backend_User_Preferences ............................................................ 19ms DONE\r\n  2014_10_01_000006_Db_Backend_Access_Log .................................................................. 10ms DONE\r\n  2014_10_01_000007_Db_Backend_Add_Description_Field ....................................................... 16ms DONE\r\n  2015_10_01_000008_Db_Backend_Add_Superuser_Flag .......................................................... 47ms DONE\r\n  2016_10_01_000009_Db_Backend_Timestamp_Fix ............................................................... 45ms DONE\r\n  2017_10_01_000010_Db_Backend_User_Roles .................................................................. 31ms DONE\r\n  2018_12_16_000011_Db_Backend_Add_Deleted_At ............................................................... 1ms DONE\r\n\r\n\r\nMigrating Cms module...\r\n\r\n   INFO  Running migrations.  \n\r\n  2014_10_01_000001_Db_Cms_Theme_Data ...................................................................... 18ms DONE\r\n  2016_10_01_000002_Db_Cms_Timestamp_Fix ................................................................... 10ms DONE\r\n  2017_10_01_000003_Db_Cms_Theme_Logs ...................................................................... 41ms DONE\r\n  2018_11_01_000001_Db_Cms_Theme_Templates ................................................................. 70ms DONE\r\n\r\n\r\nSeeding System module...\r\n\r\n   INFO  Seeded System.  \n\r\n\r\nSeeding Backend module...\r\n\r\n   INFO  Seeded Backend.  \n\r\nMigrating Winter Demo (Winter.Demo) plugin...\r\n\r\n   INFO  Running migrations.  \n\r\n  1.0.1:    First version of Demo ........................................................................... 4ms DONE\r\n\r\n\r\n   INFO  Migration complete.  \n\r\n   INFO  \\Backend\\Database\\Seeds\\DatabaseSeeder reported the following:  \n\r\n    - The following password has been automatically generated for the \"admin\" account: ypZIhmKRJDSDXnIzDd2Ppi\r\n\r\n"} 
[2023-05-20 22:50:03+00:00] INFO: Installer API request received {"method":"POST","endpoint":"createAdmin"} 
[2023-05-20 22:50:03+00:00] NOTICE: Booting Laravel framework  
[2023-05-20 22:50:03+00:00] NOTICE: Loading autoloader  
[2023-05-20 22:50:03+00:00] NOTICE: Bootstrapping kernel  
[2023-05-20 22:50:04+00:00] NOTICE: Finding initial admin account  
[2023-05-20 22:50:04+00:00] NOTICE: Changing admin account to details provided in installation  
[2023-05-20 22:50:04+00:00] INFO: Installer API request received {"method":"POST","endpoint":"cleanUp"} 
[2023-05-20 22:50:04+00:00] NOTICE: Removing installation files  
[2023-05-20 22:50:04+00:00] NOTICE: Removing temporary installation folders  
[2023-05-20 22:50:06+00:00] NOTICE: Removing core development files  
[2023-05-20 22:50:06+00:00] NOTICE: Moving files from temporary work directory to final installation path {"workDir":"C:\\laragon\\www\\wintercms1\\.wintercms","installDir":"C:\\laragon\\www\\wintercms1"} 
[2023-05-20 22:50:06+00:00] NOTICE: Removing work directory  
[2023-05-20 22:50:06+00:00] NOTICE: Installation complete!  
